  [1m[35m (0.2ms)[0m  [1m[34mSELECT sqlite_version(*)[0m
  ↳ bin/rails:9
  [1m[35m (101.6ms)[0m  [1m[35mCREATE TABLE "schema_migrations" ("version" varchar NOT NULL PRIMARY KEY)[0m
  ↳ bin/rails:9
  [1m[35m (129.5ms)[0m  [1m[35mCREATE TABLE "ar_internal_metadata" ("key" varchar NOT NULL PRIMARY KEY, "value" varchar, "created_at" datetime NOT NULL, "updated_at" datetime NOT NULL)[0m
  ↳ bin/rails:9
  [1m[35m (0.5ms)[0m  [1m[34mSELECT "schema_migrations"."version" FROM "schema_migrations" ORDER BY "schema_migrations"."version" ASC[0m
  ↳ bin/rails:9
Migrating to CreateUsers (20190712141632)
  [1m[35m (0.2ms)[0m  [1m[36mbegin transaction[0m
  ↳ bin/rails:9
  [1m[35m (1.2ms)[0m  [1m[35mCREATE TABLE "users" ("id" integer PRIMARY KEY AUTOINCREMENT NOT NULL, "username" varchar, "email" varchar, "password" varchar, "created_at" datetime NOT NULL, "updated_at" datetime NOT NULL)[0m
  ↳ db/migrate/20190712141632_create_users.rb:3
  [1m[36mActiveRecord::SchemaMigration Create (0.4ms)[0m  [1m[32mINSERT INTO "schema_migrations" ("version") VALUES (?)[0m  [["version", "20190712141632"]]
  ↳ bin/rails:9
  [1m[35m (100.2ms)[0m  [1m[36mcommit transaction[0m
  ↳ bin/rails:9
Migrating to AddUserDigestToUsers (20190712141829)
  [1m[35m (0.1ms)[0m  [1m[36mbegin transaction[0m
  ↳ bin/rails:9
  [1m[35m (0.7ms)[0m  [1m[35mALTER TABLE "users" ADD "password_digest" varchar[0m
  ↳ db/migrate/20190712141829_add_user_digest_to_users.rb:3
  [1m[36mActiveRecord::SchemaMigration Create (0.3ms)[0m  [1m[32mINSERT INTO "schema_migrations" ("version") VALUES (?)[0m  [["version", "20190712141829"]]
  ↳ bin/rails:9
  [1m[35m (105.3ms)[0m  [1m[36mcommit transaction[0m
  ↳ bin/rails:9
  [1m[36mActiveRecord::InternalMetadata Load (0.5ms)[0m  [1m[34mSELECT  "ar_internal_metadata".* FROM "ar_internal_metadata" WHERE "ar_internal_metadata"."key" = ? LIMIT ?[0m  [["key", "environment"], ["LIMIT", 1]]
  ↳ bin/rails:9
  [1m[35m (0.1ms)[0m  [1m[36mbegin transaction[0m
  ↳ bin/rails:9
  [1m[36mActiveRecord::InternalMetadata Create (0.7ms)[0m  [1m[32mINSERT INTO "ar_internal_metadata" ("key", "value", "created_at", "updated_at") VALUES (?, ?, ?, ?)[0m  [["key", "environment"], ["value", "development"], ["created_at", "2019-07-12 14:24:50.444588"], ["updated_at", "2019-07-12 14:24:50.444588"]]
  ↳ bin/rails:9
  [1m[35m (152.5ms)[0m  [1m[36mcommit transaction[0m
  ↳ bin/rails:9
  [1m[35m (0.5ms)[0m  [1m[34mSELECT "schema_migrations"."version" FROM "schema_migrations" ORDER BY "schema_migrations"."version" ASC[0m
  ↳ bin/rails:9
Started GET "/" for ::1 at 2019-07-12 10:46:23 -0400
  [1m[35m (0.6ms)[0m  [1m[34mSELECT "schema_migrations"."version" FROM "schema_migrations" ORDER BY "schema_migrations"."version" ASC[0m
  ↳ /home/addo/.rbenv/versions/2.5.1/lib/ruby/gems/2.5.0/gems/activerecord-5.2.3/lib/active_record/log_subscriber.rb:98
Processing by Rails::WelcomeController#index as HTML
  Rendering /home/addo/.rbenv/versions/2.5.1/lib/ruby/gems/2.5.0/gems/railties-5.2.3/lib/rails/templates/rails/welcome/index.html.erb
  Rendered /home/addo/.rbenv/versions/2.5.1/lib/ruby/gems/2.5.0/gems/railties-5.2.3/lib/rails/templates/rails/welcome/index.html.erb (29.8ms)
Completed 200 OK in 177ms (Views: 102.9ms | ActiveRecord: 0.0ms)


Started GET "/new" for ::1 at 2019-07-12 10:46:33 -0400
  
ActionController::RoutingError (No route matches [GET] "/new"):
  
actionpack (5.2.3) lib/action_dispatch/middleware/debug_exceptions.rb:65:in `call'
web-console (3.7.0) lib/web_console/middleware.rb:135:in `call_app'
web-console (3.7.0) lib/web_console/middleware.rb:30:in `block in call'
web-console (3.7.0) lib/web_console/middleware.rb:20:in `catch'
web-console (3.7.0) lib/web_console/middleware.rb:20:in `call'
actionpack (5.2.3) lib/action_dispatch/middleware/show_exceptions.rb:33:in `call'
railties (5.2.3) lib/rails/rack/logger.rb:38:in `call_app'
railties (5.2.3) lib/rails/rack/logger.rb:26:in `block in call'
activesupport (5.2.3) lib/active_support/tagged_logging.rb:71:in `block in tagged'
activesupport (5.2.3) lib/active_support/tagged_logging.rb:28:in `tagged'
activesupport (5.2.3) lib/active_support/tagged_logging.rb:71:in `tagged'
railties (5.2.3) lib/rails/rack/logger.rb:26:in `call'
sprockets-rails (3.2.1) lib/sprockets/rails/quiet_assets.rb:13:in `call'
actionpack (5.2.3) lib/action_dispatch/middleware/remote_ip.rb:81:in `call'
actionpack (5.2.3) lib/action_dispatch/middleware/request_id.rb:27:in `call'
rack (2.0.7) lib/rack/method_override.rb:22:in `call'
rack (2.0.7) lib/rack/runtime.rb:22:in `call'
activesupport (5.2.3) lib/active_support/cache/strategy/local_cache_middleware.rb:29:in `call'
actionpack (5.2.3) lib/action_dispatch/middleware/executor.rb:14:in `call'
actionpack (5.2.3) lib/action_dispatch/middleware/static.rb:127:in `call'
rack (2.0.7) lib/rack/sendfile.rb:111:in `call'
railties (5.2.3) lib/rails/engine.rb:524:in `call'
puma (3.12.1) lib/puma/configuration.rb:227:in `call'
puma (3.12.1) lib/puma/server.rb:660:in `handle_request'
puma (3.12.1) lib/puma/server.rb:474:in `process_client'
puma (3.12.1) lib/puma/server.rb:334:in `block in run'
puma (3.12.1) lib/puma/thread_pool.rb:135:in `block in spawn_thread'
Started GET "/users" for ::1 at 2019-07-12 10:46:46 -0400
  
ActionController::RoutingError (No route matches [GET] "/users"):
  
actionpack (5.2.3) lib/action_dispatch/middleware/debug_exceptions.rb:65:in `call'
web-console (3.7.0) lib/web_console/middleware.rb:135:in `call_app'
web-console (3.7.0) lib/web_console/middleware.rb:30:in `block in call'
web-console (3.7.0) lib/web_console/middleware.rb:20:in `catch'
web-console (3.7.0) lib/web_console/middleware.rb:20:in `call'
actionpack (5.2.3) lib/action_dispatch/middleware/show_exceptions.rb:33:in `call'
railties (5.2.3) lib/rails/rack/logger.rb:38:in `call_app'
railties (5.2.3) lib/rails/rack/logger.rb:26:in `block in call'
activesupport (5.2.3) lib/active_support/tagged_logging.rb:71:in `block in tagged'
activesupport (5.2.3) lib/active_support/tagged_logging.rb:28:in `tagged'
activesupport (5.2.3) lib/active_support/tagged_logging.rb:71:in `tagged'
railties (5.2.3) lib/rails/rack/logger.rb:26:in `call'
sprockets-rails (3.2.1) lib/sprockets/rails/quiet_assets.rb:13:in `call'
actionpack (5.2.3) lib/action_dispatch/middleware/remote_ip.rb:81:in `call'
actionpack (5.2.3) lib/action_dispatch/middleware/request_id.rb:27:in `call'
rack (2.0.7) lib/rack/method_override.rb:22:in `call'
rack (2.0.7) lib/rack/runtime.rb:22:in `call'
activesupport (5.2.3) lib/active_support/cache/strategy/local_cache_middleware.rb:29:in `call'
actionpack (5.2.3) lib/action_dispatch/middleware/executor.rb:14:in `call'
actionpack (5.2.3) lib/action_dispatch/middleware/static.rb:127:in `call'
rack (2.0.7) lib/rack/sendfile.rb:111:in `call'
railties (5.2.3) lib/rails/engine.rb:524:in `call'
puma (3.12.1) lib/puma/configuration.rb:227:in `call'
puma (3.12.1) lib/puma/server.rb:660:in `handle_request'
puma (3.12.1) lib/puma/server.rb:474:in `process_client'
puma (3.12.1) lib/puma/server.rb:334:in `block in run'
puma (3.12.1) lib/puma/thread_pool.rb:135:in `block in spawn_thread'
Started GET "/users/new" for ::1 at 2019-07-12 10:47:03 -0400
Processing by UsersController#new as HTML
  Rendering users/new.html.erb within layouts/application
  Rendered users/new.html.erb within layouts/application (0.8ms)
Completed 200 OK in 5369ms (Views: 5367.3ms | ActiveRecord: 0.0ms)


Started GET "/users/new" for ::1 at 2019-07-12 12:11:08 -0400
  [1m[35m (0.4ms)[0m  [1m[34mSELECT "schema_migrations"."version" FROM "schema_migrations" ORDER BY "schema_migrations"."version" ASC[0m
  ↳ /home/addo/.rbenv/versions/2.5.1/lib/ruby/gems/2.5.0/gems/activerecord-5.2.3/lib/active_record/log_subscriber.rb:98
Processing by UsersController#new as HTML
  Rendering users/new.html.erb within layouts/application
  Rendered users/new.html.erb within layouts/application (20.2ms)
  Rendered layouts/_default.html.erb (693.2ms)
Completed 200 OK in 977ms (Views: 908.3ms | ActiveRecord: 0.0ms)


Started GET "/users/new" for ::1 at 2019-07-12 12:24:09 -0400
Processing by UsersController#new as HTML
  Rendering users/new.html.erb within layouts/application
  Rendered users/new.html.erb within layouts/application (119.0ms)
  Rendered layouts/_default.html.erb (8841.9ms)
Completed 200 OK in 9223ms (Views: 9041.5ms | ActiveRecord: 0.0ms)


Started GET "/users/new" for ::1 at 2019-07-12 12:25:02 -0400
Processing by UsersController#new as HTML
  Rendering users/new.html.erb within layouts/application
  Rendered users/new.html.erb within layouts/application (0.8ms)
  Rendered layouts/_default.html.erb (61.0ms)
Completed 200 OK in 82ms (Views: 75.4ms | ActiveRecord: 0.0ms)


Started GET "/users/new" for ::1 at 2019-07-12 12:26:03 -0400
Processing by UsersController#new as HTML
  Rendering users/new.html.erb within layouts/application
  Rendered users/new.html.erb within layouts/application (0.6ms)
  Rendered layouts/_default.html.erb (52.6ms)
Completed 200 OK in 62ms (Views: 60.5ms | ActiveRecord: 0.0ms)


Started GET "/users/new" for ::1 at 2019-07-12 12:27:45 -0400
Processing by UsersController#new as HTML
  Rendering users/new.html.erb within layouts/application
  Rendered users/new.html.erb within layouts/application (0.7ms)
  Rendered layouts/_default.html.erb (138.4ms)
Completed 200 OK in 151ms (Views: 149.2ms | ActiveRecord: 0.0ms)


Started GET "/users/new" for ::1 at 2019-07-12 12:31:41 -0400
Processing by UsersController#new as HTML
  Rendering users/new.html.erb within layouts/application
  Rendered users/new.html.erb within layouts/application (206.4ms)
  Rendered layouts/_default.html.erb (844.0ms)
Completed 200 OK in 1449ms (Views: 1222.1ms | ActiveRecord: 0.0ms)


Started GET "/users/new" for ::1 at 2019-07-12 12:32:11 -0400
Processing by UsersController#new as HTML
  Rendering users/new.html.erb within layouts/application
  Rendered users/new.html.erb within layouts/application (26.2ms)
  Rendered layouts/_default.html.erb (65.3ms)
Completed 200 OK in 109ms (Views: 107.1ms | ActiveRecord: 0.0ms)


Started GET "/users/new" for ::1 at 2019-07-12 12:33:09 -0400
Processing by UsersController#new as HTML
  Rendering users/new.html.erb within layouts/application
  Rendered users/new.html.erb within layouts/application (13.2ms)
  Rendered layouts/_default.html.erb (77.6ms)
Completed 200 OK in 120ms (Views: 116.3ms | ActiveRecord: 0.0ms)


Started GET "/users/new" for ::1 at 2019-07-12 12:35:12 -0400
Processing by UsersController#new as HTML
  Rendering users/new.html.erb within layouts/application
  Rendered users/new.html.erb within layouts/application (64.7ms)
  Rendered layouts/_default.html.erb (52.8ms)
Completed 200 OK in 131ms (Views: 128.9ms | ActiveRecord: 0.0ms)


Started GET "/users/new" for ::1 at 2019-07-12 12:35:37 -0400
Processing by UsersController#new as HTML
  Rendering users/new.html.erb within layouts/application
  Rendered users/new.html.erb within layouts/application (0.7ms)
  Rendered layouts/_default.html.erb (54.6ms)
Completed 200 OK in 66ms (Views: 64.2ms | ActiveRecord: 0.0ms)


Started GET "/users/new" for ::1 at 2019-07-12 12:38:05 -0400
Processing by UsersController#new as HTML
  Rendering users/new.html.erb within layouts/application
  Rendered users/new.html.erb within layouts/application (2.3ms)
  Rendered layouts/_default.html.erb (105.9ms)
Completed 200 OK in 144ms (Views: 142.8ms | ActiveRecord: 0.0ms)


Started GET "/users/new" for ::1 at 2019-07-12 12:38:38 -0400
Processing by UsersController#new as HTML
  Rendering users/new.html.erb within layouts/application
  Rendered users/new.html.erb within layouts/application (16.5ms)
  Rendered layouts/_default.html.erb (68.4ms)
Completed 200 OK in 94ms (Views: 91.9ms | ActiveRecord: 0.0ms)


Started GET "/users/new" for ::1 at 2019-07-12 12:39:00 -0400
Processing by UsersController#new as HTML
  Rendering users/new.html.erb within layouts/application
  Rendered users/new.html.erb within layouts/application (27.1ms)
  Rendered layouts/_default.html.erb (49.1ms)
Completed 200 OK in 88ms (Views: 85.5ms | ActiveRecord: 0.0ms)


Started GET "/users/new" for ::1 at 2019-07-12 12:48:14 -0400
Processing by UsersController#new as HTML
  Rendering users/new.html.erb within layouts/application
  Rendered users/new.html.erb within layouts/application (44.6ms)
  Rendered layouts/_default.html.erb (47.6ms)
Completed 200 OK in 110ms (Views: 108.3ms | ActiveRecord: 0.0ms)


Started GET "/users/new" for ::1 at 2019-07-12 12:48:20 -0400
Processing by UsersController#new as HTML
  Rendering users/new.html.erb within layouts/application
  Rendered users/new.html.erb within layouts/application (10.8ms)
  Rendered layouts/_default.html.erb (59.2ms)
Completed 200 OK in 87ms (Views: 84.1ms | ActiveRecord: 0.0ms)


Started GET "/users/new" for ::1 at 2019-07-12 12:48:56 -0400
Processing by UsersController#new as HTML
  Rendering users/new.html.erb within layouts/application
  Rendered users/new.html.erb within layouts/application (12.2ms)
  Rendered layouts/_default.html.erb (51.1ms)
Completed 200 OK in 70ms (Views: 68.4ms | ActiveRecord: 0.0ms)


Started GET "/users/new" for ::1 at 2019-07-12 12:50:51 -0400
Processing by UsersController#new as HTML
  Rendering users/new.html.erb within layouts/application
  Rendered users/new.html.erb within layouts/application (23.6ms)
  Rendered layouts/_default.html.erb (5943.0ms)
Completed 200 OK in 5977ms (Views: 5973.5ms | ActiveRecord: 0.0ms)


Started GET "/users/new" for ::1 at 2019-07-12 13:14:27 -0400
Processing by UsersController#new as HTML
  Rendering users/new.html.erb within layouts/application
  Rendered users/new.html.erb within layouts/application (46.8ms)
  Rendered layouts/_default.html.erb (1051.6ms)
Completed 200 OK in 1278ms (Views: 1206.9ms | ActiveRecord: 0.0ms)


Started GET "/users/new" for ::1 at 2019-07-12 13:15:14 -0400
Processing by UsersController#new as HTML
  Rendering users/new.html.erb within layouts/application
  Rendered users/new.html.erb within layouts/application (0.6ms)
  Rendered layouts/_default.html.erb (3512.8ms)
Completed 200 OK in 3527ms (Views: 3525.2ms | ActiveRecord: 0.0ms)


Started GET "/users/new" for ::1 at 2019-07-12 13:18:12 -0400
Processing by UsersController#new as HTML
  Rendering users/new.html.erb within layouts/application
  Rendered users/new.html.erb within layouts/application (0.8ms)
  Rendered layouts/_default.html.erb (296.1ms)
Completed 200 OK in 333ms (Views: 328.0ms | ActiveRecord: 0.0ms)


Started GET "/users/new" for ::1 at 2019-07-12 13:18:34 -0400
Processing by UsersController#new as HTML
  Rendering users/new.html.erb within layouts/application
  Rendered users/new.html.erb within layouts/application (7.6ms)
  Rendered layouts/_default.html.erb (123.0ms)
Completed 200 OK in 138ms (Views: 136.4ms | ActiveRecord: 0.0ms)


Started GET "/users/new" for ::1 at 2019-07-12 13:18:55 -0400
Processing by UsersController#new as HTML
  Rendering users/new.html.erb within layouts/application
  Rendered users/new.html.erb within layouts/application (0.6ms)
  Rendered layouts/_default.html.erb (168.5ms)
Completed 200 OK in 181ms (Views: 179.0ms | ActiveRecord: 0.0ms)


Started GET "/users/new" for ::1 at 2019-07-12 13:19:16 -0400
Processing by UsersController#new as HTML
  Rendering users/new.html.erb within layouts/application
  Rendered users/new.html.erb within layouts/application (0.9ms)
  Rendered layouts/_default.html.erb (160.2ms)
Completed 200 OK in 182ms (Views: 178.4ms | ActiveRecord: 0.0ms)


Started GET "/users/new" for ::1 at 2019-07-12 13:19:45 -0400
Processing by UsersController#new as HTML
  Rendering users/new.html.erb within layouts/application
  Rendered users/new.html.erb within layouts/application (0.7ms)
  Rendered layouts/_default.html.erb (147.0ms)
Completed 200 OK in 155ms (Views: 153.4ms | ActiveRecord: 0.0ms)


Started GET "/users/new" for ::1 at 2019-07-12 13:20:08 -0400
Processing by UsersController#new as HTML
  Rendering users/new.html.erb within layouts/application
  Rendered users/new.html.erb within layouts/application (0.6ms)
  Rendered layouts/_default.html.erb (159.8ms)
Completed 200 OK in 185ms (Views: 183.4ms | ActiveRecord: 0.0ms)


Started GET "/users/new" for ::1 at 2019-07-12 13:21:04 -0400
Processing by UsersController#new as HTML
  Rendering users/new.html.erb within layouts/application
  Rendered users/new.html.erb within layouts/application (0.7ms)
  Rendered layouts/_default.html.erb (143.4ms)
Completed 200 OK in 176ms (Views: 171.8ms | ActiveRecord: 0.0ms)


Started GET "/users/new" for ::1 at 2019-07-12 13:21:23 -0400
Processing by UsersController#new as HTML
  Rendering users/new.html.erb within layouts/application
  Rendered users/new.html.erb within layouts/application (17.6ms)
  Rendered layouts/_default.html.erb (118.1ms)
Completed 200 OK in 150ms (Views: 148.7ms | ActiveRecord: 0.0ms)


Started GET "/users/new" for ::1 at 2019-07-12 13:21:39 -0400
Processing by UsersController#new as HTML
  Rendering users/new.html.erb within layouts/application
  Rendered users/new.html.erb within layouts/application (1.1ms)
  Rendered layouts/_default.html.erb (113.0ms)
Completed 200 OK in 120ms (Views: 118.6ms | ActiveRecord: 0.0ms)


Started GET "/users/new" for ::1 at 2019-07-12 13:22:03 -0400
Processing by UsersController#new as HTML
  Rendering users/new.html.erb within layouts/application
  Rendered users/new.html.erb within layouts/application (0.6ms)
  Rendered layouts/_default.html.erb (153.4ms)
Completed 200 OK in 194ms (Views: 192.4ms | ActiveRecord: 0.0ms)


Started GET "/users/new" for ::1 at 2019-07-12 13:22:13 -0400
Processing by UsersController#new as HTML
  Rendering users/new.html.erb within layouts/application
  Rendered users/new.html.erb within layouts/application (0.7ms)
  Rendered layouts/_default.html.erb (107.6ms)
Completed 200 OK in 122ms (Views: 119.9ms | ActiveRecord: 0.0ms)


Started GET "/users/new" for ::1 at 2019-07-12 13:22:30 -0400
Processing by UsersController#new as HTML
  Rendering users/new.html.erb within layouts/application
  Rendered users/new.html.erb within layouts/application (0.7ms)
  Rendered layouts/_default.html.erb (137.3ms)
Completed 200 OK in 155ms (Views: 153.2ms | ActiveRecord: 0.0ms)


Started GET "/users/new" for ::1 at 2019-07-12 13:22:44 -0400
Processing by UsersController#new as HTML
  Rendering users/new.html.erb within layouts/application
  Rendered users/new.html.erb within layouts/application (1.0ms)
  Rendered layouts/_default.html.erb (120.2ms)
Completed 200 OK in 153ms (Views: 151.3ms | ActiveRecord: 0.0ms)


Started GET "/users/new" for ::1 at 2019-07-12 13:22:58 -0400
Processing by UsersController#new as HTML
  Rendering users/new.html.erb within layouts/application
  Rendered users/new.html.erb within layouts/application (0.9ms)
  Rendered layouts/_default.html.erb (114.4ms)
Completed 200 OK in 127ms (Views: 124.5ms | ActiveRecord: 0.0ms)


Started GET "/users/new" for ::1 at 2019-07-12 13:23:13 -0400
Processing by UsersController#new as HTML
  Rendering users/new.html.erb within layouts/application
  Rendered users/new.html.erb within layouts/application (0.8ms)
  Rendered layouts/_default.html.erb (149.1ms)
Completed 200 OK in 157ms (Views: 155.4ms | ActiveRecord: 0.0ms)


Started GET "/users/new" for ::1 at 2019-07-12 13:23:32 -0400
Processing by UsersController#new as HTML
  Rendering users/new.html.erb within layouts/application
  Rendered users/new.html.erb within layouts/application (0.7ms)
  Rendered layouts/_default.html.erb (133.6ms)
Completed 200 OK in 150ms (Views: 147.2ms | ActiveRecord: 0.0ms)


Started GET "/users/new" for ::1 at 2019-07-12 13:24:56 -0400
Processing by UsersController#new as HTML
  Rendering users/new.html.erb within layouts/application
  Rendered users/new.html.erb within layouts/application (0.6ms)
  Rendered layouts/_default.html.erb (154.9ms)
Completed 200 OK in 167ms (Views: 164.4ms | ActiveRecord: 0.0ms)


Started GET "/users/new" for ::1 at 2019-07-12 13:25:20 -0400
Processing by UsersController#new as HTML
  Rendering users/new.html.erb within layouts/application
  Rendered users/new.html.erb within layouts/application (3.2ms)
  Rendered layouts/_default.html.erb (184.9ms)
Completed 200 OK in 197ms (Views: 195.6ms | ActiveRecord: 0.0ms)


Started GET "/users/new" for ::1 at 2019-07-12 13:28:56 -0400
Processing by UsersController#new as HTML
  Rendering users/new.html.erb within layouts/application
  Rendered users/new.html.erb within layouts/application (18.1ms)
  Rendered layouts/_default.html.erb (132.4ms)
Completed 200 OK in 157ms (Views: 155.0ms | ActiveRecord: 0.0ms)


Started GET "/users/new" for ::1 at 2019-07-12 13:29:11 -0400
Processing by UsersController#new as HTML
  Rendering users/new.html.erb within layouts/application
  Rendered users/new.html.erb within layouts/application (4.8ms)
  Rendered layouts/_default.html.erb (127.9ms)
Completed 200 OK in 139ms (Views: 137.3ms | ActiveRecord: 0.0ms)


Started GET "/users/new" for ::1 at 2019-07-12 13:30:06 -0400
Processing by UsersController#new as HTML
  Rendering users/new.html.erb within layouts/application
  Rendered users/new.html.erb within layouts/application (0.7ms)
  Rendered layouts/_default.html.erb (152.8ms)
Completed 200 OK in 191ms (Views: 189.3ms | ActiveRecord: 0.0ms)


Started GET "/users/new" for ::1 at 2019-07-12 13:30:41 -0400
Processing by UsersController#new as HTML
  Rendering users/new.html.erb within layouts/application
  Rendered users/new.html.erb within layouts/application (2.3ms)
  Rendered layouts/_default.html.erb (60.2ms)
Completed 200 OK in 100ms (Views: 98.8ms | ActiveRecord: 0.0ms)


Started GET "/users/new" for ::1 at 2019-07-12 13:31:35 -0400
Processing by UsersController#new as HTML
  Rendering users/new.html.erb within layouts/application
  Rendered users/new.html.erb within layouts/application (6.2ms)
  Rendered layouts/_default.html.erb (47.0ms)
Completed 200 OK in 86ms (Views: 84.4ms | ActiveRecord: 0.0ms)


Started GET "/users/new" for ::1 at 2019-07-12 13:33:59 -0400
Processing by UsersController#new as HTML
  Rendering users/new.html.erb within layouts/application
  Rendered users/new.html.erb within layouts/application (0.7ms)
  Rendered layouts/_default.html.erb (69.1ms)
Completed 200 OK in 103ms (Views: 100.6ms | ActiveRecord: 0.0ms)


Started GET "/users/new" for ::1 at 2019-07-12 13:37:38 -0400
Processing by UsersController#new as HTML
  Rendering users/new.html.erb within layouts/application
  Rendered users/new.html.erb within layouts/application (113.5ms)
  Rendered layouts/_default.html.erb (1877.7ms)
Completed 200 OK in 2712ms (Views: 2369.0ms | ActiveRecord: 0.0ms)


Started GET "/users/new" for ::1 at 2019-07-12 13:38:16 -0400
Processing by UsersController#new as HTML
  Rendering users/new.html.erb within layouts/application
  Rendered users/new.html.erb within layouts/application (28.1ms)
  Rendered layouts/_default.html.erb (58.7ms)
Completed 200 OK in 105ms (Views: 96.1ms | ActiveRecord: 0.0ms)


Started GET "/users/new" for ::1 at 2019-07-12 13:44:04 -0400
Processing by UsersController#new as HTML
  Rendering users/new.html.erb within layouts/application
  Rendered users/new.html.erb within layouts/application (1.9ms)
  Rendered layouts/_default.html.erb (1076.2ms)
Completed 200 OK in 1235ms (Views: 1157.6ms | ActiveRecord: 0.0ms)


Started GET "/users/new" for ::1 at 2019-07-12 13:46:26 -0400
Processing by UsersController#new as HTML
  Rendering users/new.html.erb within layouts/application
  Rendered users/new.html.erb within layouts/application (1.6ms)
  Rendered layouts/_default.html.erb (1873.9ms)
Completed 200 OK in 1941ms (Views: 1902.6ms | ActiveRecord: 0.0ms)


Started GET "/users/new" for ::1 at 2019-07-12 13:47:47 -0400
Processing by UsersController#new as HTML
  Rendering users/new.html.erb within layouts/application
  Rendered users/new.html.erb within layouts/application (7.6ms)
  Rendered layouts/_default.html.erb (551.7ms)
Completed 200 OK in 680ms (Views: 614.9ms | ActiveRecord: 0.0ms)


Started GET "/users/new" for ::1 at 2019-07-12 13:48:37 -0400
Processing by UsersController#new as HTML
  Rendering users/new.html.erb within layouts/application
  Rendered users/new.html.erb within layouts/application (3.5ms)
  Rendered layouts/_default.html.erb (1103.7ms)
Completed 200 OK in 1125ms (Views: 1122.1ms | ActiveRecord: 0.0ms)


Started GET "/users/new" for ::1 at 2019-07-12 13:51:00 -0400
Processing by UsersController#new as HTML
  Rendering users/new.html.erb within layouts/application
  Rendered users/new.html.erb within layouts/application (205.2ms)
  Rendered layouts/_default.html.erb (6327.2ms)
Completed 200 OK in 7498ms (Views: 7246.9ms | ActiveRecord: 0.0ms)


